# JRE version: OpenJDK Runtime Environment (8.0_312-b07) (build 1.8.0_312-b07)
# Java VM: OpenJDK 64-Bit Server VM (25.312-b07 mixed mode windows-amd64 compressed oops)
Heap:
 PSYoungGen      total 75264K, used 16304K [0x00000000f5580000, 0x00000000fad80000, 0x0000000100000000)
  eden space 64512K, 17% used [0x00000000f5580000,0x00000000f607ab30,0x00000000f9480000)
  from space 10752K, 47% used [0x00000000f9580000,0x00000000f9a71868,0x00000000fa000000)
  to   space 12800K, 0% used [0x00000000fa100000,0x00000000fa100000,0x00000000fad80000)
 ParOldGen       total 175104K, used 9716K [0x00000000e0000000, 0x00000000eab00000, 0x00000000f5580000)
  object space 175104K, 5% used [0x00000000e0000000,0x00000000e097d0e0,0x00000000eab00000)
 Metaspace       used 24881K, capacity 26280K, committed 26496K, reserved 1071104K
  class space    used 3766K, capacity 4106K, committed 4224K, reserved 1048576K
GC Heap History (10 events):
Event: 9.422 GC heap before
{Heap before GC invocations=2 (full 0):
 PSYoungGen      total 76288K, used 72383K [0x00000000f5580000, 0x00000000faa80000, 0x0000000100000000)
  eden space 65536K, 100% used [0x00000000f5580000,0x00000000f9580000,0x00000000f9580000)
  from space 10752K, 63% used [0x00000000f9580000,0x00000000f9c2fc48,0x00000000fa000000)
  to   space 10752K, 0% used [0x00000000fa000000,0x00000000fa000000,0x00000000faa80000)
 ParOldGen       total 175104K, used 16K [0x00000000e0000000, 0x00000000eab00000, 0x00000000f5580000)
  object space 175104K, 0% used [0x00000000e0000000,0x00000000e0004000,0x00000000eab00000)
 Metaspace       used 13729K, capacity 14202K, committed 14464K, reserved 1060864K
  class space    used 1901K, capacity 2051K, committed 2176K, reserved 1048576K
Event: 9.430 GC heap after
Heap after GC invocations=2 (full 0):
 PSYoungGen      total 76288K, used 9118K [0x00000000f5580000, 0x00000000faa80000, 0x0000000100000000)
  eden space 65536K, 0% used [0x00000000f5580000,0x00000000f5580000,0x00000000f9580000)
  from space 10752K, 84% used [0x00000000fa000000,0x00000000fa8e7838,0x00000000faa80000)
  to   space 10752K, 0% used [0x00000000f9580000,0x00000000f9580000,0x00000000fa000000)
 ParOldGen       total 175104K, used 24K [0x00000000e0000000, 0x00000000eab00000, 0x00000000f5580000)
  object space 175104K, 0% used [0x00000000e0000000,0x00000000e0006000,0x00000000eab00000)
 Metaspace       used 13729K, capacity 14202K, committed 14464K, reserved 1060864K
  class space    used 1901K, capacity 2051K, committed 2176K, reserved 1048576K
}
Event: 10.249 GC heap before
{Heap before GC invocations=3 (full 0):
 PSYoungGen      total 76288K, used 74654K [0x00000000f5580000, 0x00000000faa80000, 0x0000000100000000)
  eden space 65536K, 100% used [0x00000000f5580000,0x00000000f9580000,0x00000000f9580000)
  from space 10752K, 84% used [0x00000000fa000000,0x00000000fa8e7838,0x00000000faa80000)
  to   space 10752K, 0% used [0x00000000f9580000,0x00000000f9580000,0x00000000fa000000)
 ParOldGen       total 175104K, used 24K [0x00000000e0000000, 0x00000000eab00000, 0x00000000f5580000)
  object space 175104K, 0% used [0x00000000e0000000,0x00000000e0006000,0x00000000eab00000)
 Metaspace       used 18013K, capacity 18626K, committed 18688K, reserved 1064960K
  class space    used 2608K, capacity 2787K, committed 2816K, reserved 1048576K
Event: 10.258 GC heap after
Heap after GC invocations=3 (full 0):
 PSYoungGen      total 76288K, used 10736K [0x00000000f5580000, 0x00000000faa80000, 0x0000000100000000)
  eden space 65536K, 0% used [0x00000000f5580000,0x00000000f5580000,0x00000000f9580000)
  from space 10752K, 99% used [0x00000000f9580000,0x00000000f9ffc028,0x00000000fa000000)
  to   space 10752K, 0% used [0x00000000fa000000,0x00000000fa000000,0x00000000faa80000)
 ParOldGen       total 175104K, used 183K [0x00000000e0000000, 0x00000000eab00000, 0x00000000f5580000)
  object space 175104K, 0% used [0x00000000e0000000,0x00000000e002de18,0x00000000eab00000)
 Metaspace       used 18013K, capacity 18626K, committed 18688K, reserved 1064960K
  class space    used 2608K, capacity 2787K, committed 2816K, reserved 1048576K
}
Event: 10.501 GC heap before
{Heap before GC invocations=4 (full 0):
 PSYoungGen      total 76288K, used 45135K [0x00000000f5580000, 0x00000000faa80000, 0x0000000100000000)
  eden space 65536K, 52% used [0x00000000f5580000,0x00000000f7717e78,0x00000000f9580000)
  from space 10752K, 99% used [0x00000000f9580000,0x00000000f9ffc028,0x00000000fa000000)
  to   space 10752K, 0% used [0x00000000fa000000,0x00000000fa000000,0x00000000faa80000)
 ParOldGen       total 175104K, used 183K [0x00000000e0000000, 0x00000000eab00000, 0x00000000f5580000)
  object space 175104K, 0% used [0x00000000e0000000,0x00000000e002de18,0x00000000eab00000)
 Metaspace       used 20392K, capacity 21158K, committed 21296K, reserved 1067008K
  class space    used 3001K, capacity 3185K, committed 3200K, reserved 1048576K
Event: 10.506 GC heap after
Heap after GC invocations=4 (full 0):
 PSYoungGen      total 76288K, used 10017K [0x00000000f5580000, 0x00000000faa80000, 0x0000000100000000)
  eden space 65536K, 0% used [0x00000000f5580000,0x00000000f5580000,0x00000000f9580000)
  from space 10752K, 93% used [0x00000000fa000000,0x00000000fa9c8588,0x00000000faa80000)
  to   space 10752K, 0% used [0x00000000f9580000,0x00000000f9580000,0x00000000fa000000)
 ParOldGen       total 175104K, used 191K [0x00000000e0000000, 0x00000000eab00000, 0x00000000f5580000)
  object space 175104K, 0% used [0x00000000e0000000,0x00000000e002fe18,0x00000000eab00000)
 Metaspace       used 20392K, capacity 21158K, committed 21296K, reserved 1067008K
  class space    used 3001K, capacity 3185K, committed 3200K, reserved 1048576K
}
Event: 10.506 GC heap before
{Heap before GC invocations=5 (full 1):
 PSYoungGen      total 76288K, used 10017K [0x00000000f5580000, 0x00000000faa80000, 0x0000000100000000)
  eden space 65536K, 0% used [0x00000000f5580000,0x00000000f5580000,0x00000000f9580000)
  from space 10752K, 93% used [0x00000000fa000000,0x00000000fa9c8588,0x00000000faa80000)
  to   space 10752K, 0% used [0x00000000f9580000,0x00000000f9580000,0x00000000fa000000)
 ParOldGen       total 175104K, used 191K [0x00000000e0000000, 0x00000000eab00000, 0x00000000f5580000)
  object space 175104K, 0% used [0x00000000e0000000,0x00000000e002fe18,0x00000000eab00000)
 Metaspace       used 20392K, capacity 21158K, committed 21296K, reserved 1067008K
  class space    used 3001K, capacity 3185K, committed 3200K, reserved 1048576K
Event: 10.529 GC heap after
Heap after GC invocations=5 (full 1):
 PSYoungGen      total 76288K, used 0K [0x00000000f5580000, 0x00000000faa80000, 0x0000000100000000)
  eden space 65536K, 0% used [0x00000000f5580000,0x00000000f5580000,0x00000000f9580000)
  from space 10752K, 0% used [0x00000000fa000000,0x00000000fa000000,0x00000000faa80000)
  to   space 10752K, 0% used [0x00000000f9580000,0x00000000f9580000,0x00000000fa000000)
 ParOldGen       total 175104K, used 9708K [0x00000000e0000000, 0x00000000eab00000, 0x00000000f5580000)
  object space 175104K, 5% used [0x00000000e0000000,0x00000000e097b0e0,0x00000000eab00000)
 Metaspace       used 20392K, capacity 21158K, committed 21296K, reserved 1067008K
  class space    used 3001K, capacity 3185K, committed 3200K, reserved 1048576K
}
Event: 11.044 GC heap before
{Heap before GC invocations=6 (full 1):
 PSYoungGen      total 76288K, used 65536K [0x00000000f5580000, 0x00000000faa80000, 0x0000000100000000)
  eden space 65536K, 100% used [0x00000000f5580000,0x00000000f9580000,0x00000000f9580000)
  from space 10752K, 0% used [0x00000000fa000000,0x00000000fa000000,0x00000000faa80000)
  to   space 10752K, 0% used [0x00000000f9580000,0x00000000f9580000,0x00000000fa000000)
 ParOldGen       total 175104K, used 9708K [0x00000000e0000000, 0x00000000eab00000, 0x00000000f5580000)
  object space 175104K, 5% used [0x00000000e0000000,0x00000000e097b0e0,0x00000000eab00000)
 Metaspace       used 24094K, capacity 25354K, committed 25472K, reserved 1071104K
  class space    used 3633K, capacity 3929K, committed 3968K, reserved 1048576K
Event: 11.048 GC heap after
Heap after GC invocations=6 (full 1):
 PSYoungGen      total 75264K, used 5062K [0x00000000f5580000, 0x00000000fad80000, 0x0000000100000000)
  eden space 64512K, 0% used [0x00000000f5580000,0x00000000f5580000,0x00000000f9480000)
  from space 10752K, 47% used [0x00000000f9580000,0x00000000f9a71868,0x00000000fa000000)
  to   space 12800K, 0% used [0x00000000fa100000,0x00000000fa100000,0x00000000fad80000)
 ParOldGen       total 175104K, used 9716K [0x00000000e0000000, 0x00000000eab00000, 0x00000000f5580000)
  object space 175104K, 5% used [0x00000000e0000000,0x00000000e097d0e0,0x00000000eab00000)
 Metaspace       used 24094K, capacity 25354K, committed 25472K, reserved 1071104K
  class space    used 3633K, capacity 3929K, committed 3968K, reserved 1048576K
}

